This file contains any messages produced by compilers while
running configure, to aid debugging if configure makes a mistake.

It was created by libbtc configure 0.1, which was
generated by GNU Autoconf 2.69.  Invocation command line was

  $ ./configure --disable-net

## --------- ##
## Platform. ##
## --------- ##

hostname = ale-Inspiron-5577
uname -m = x86_64
uname -r = 4.15.0-48-generic
uname -s = Linux
uname -v = #51-Ubuntu SMP Wed Apr 3 08:28:49 UTC 2019

/usr/bin/uname -p = unknown
/bin/uname -X     = unknown

/bin/arch              = unknown
/usr/bin/arch -k       = unknown
/usr/convex/getsysinfo = unknown
/usr/bin/hostinfo      = unknown
/bin/machine           = unknown
/usr/bin/oslevel       = unknown
/bin/universe          = unknown

PATH: /home/ale/.local/bin
PATH: /usr/local/sbin
PATH: /usr/local/bin
PATH: /usr/sbin
PATH: /usr/bin
PATH: /sbin
PATH: /bin
PATH: /usr/games
PATH: /usr/local/games
PATH: /snap/bin


## ----------- ##
## Core tests. ##
## ----------- ##

configure:2353: checking build system type
configure:2367: result: x86_64-pc-linux-gnu
configure:2387: checking host system type
configure:2400: result: x86_64-pc-linux-gnu
configure:2431: checking whether make supports nested variables
configure:2448: result: yes
configure:2478: checking for a BSD-compatible install
configure:2546: result: /usr/bin/install -c
configure:2557: checking whether build environment is sane
configure:2612: result: yes
configure:2763: checking for a thread-safe mkdir -p
configure:2802: result: /bin/mkdir -p
configure:2809: checking for gawk
configure:2839: result: no
configure:2809: checking for mawk
configure:2825: found /usr/bin/mawk
configure:2836: result: mawk
configure:2847: checking whether make sets $(MAKE)
configure:2869: result: yes
configure:3005: checking for style of include used by make
configure:3033: result: GNU
configure:3104: checking for gcc
configure:3120: found /usr/bin/gcc
configure:3131: result: gcc
configure:3360: checking for C compiler version
configure:3369: gcc --version >&5
gcc (Ubuntu 7.4.0-1ubuntu1~18.04) 7.4.0
Copyright (C) 2017 Free Software Foundation, Inc.
This is free software; see the source for copying conditions.  There is NO
warranty; not even for MERCHANTABILITY or FITNESS FOR A PARTICULAR PURPOSE.

configure:3380: $? = 0
configure:3369: gcc -v >&5
Using built-in specs.
COLLECT_GCC=gcc
COLLECT_LTO_WRAPPER=/usr/lib/gcc/x86_64-linux-gnu/7/lto-wrapper
OFFLOAD_TARGET_NAMES=nvptx-none
OFFLOAD_TARGET_DEFAULT=1
Target: x86_64-linux-gnu
Configured with: ../src/configure -v --with-pkgversion='Ubuntu 7.4.0-1ubuntu1~18.04' --with-bugurl=file:///usr/share/doc/gcc-7/README.Bugs --enable-languages=c,ada,c++,go,brig,d,fortran,objc,obj-c++ --prefix=/usr --with-gcc-major-version-only --program-suffix=-7 --program-prefix=x86_64-linux-gnu- --enable-shared --enable-linker-build-id --libexecdir=/usr/lib --without-included-gettext --enable-threads=posix --libdir=/usr/lib --enable-nls --with-sysroot=/ --enable-clocale=gnu --enable-libstdcxx-debug --enable-libstdcxx-time=yes --with-default-libstdcxx-abi=new --enable-gnu-unique-object --disable-vtable-verify --enable-libmpx --enable-plugin --enable-default-pie --with-system-zlib --with-target-system-zlib --enable-objc-gc=auto --enable-multiarch --disable-werror --with-arch-32=i686 --with-abi=m64 --with-multilib-list=m32,m64,mx32 --enable-multilib --with-tune=generic --enable-offload-targets=nvptx-none --without-cuda-driver --enable-checking=release --build=x86_64-linux-gnu --host=x86_64-linux-gnu --target=x86_64-linux-gnu
Thread model: posix
gcc version 7.4.0 (Ubuntu 7.4.0-1ubuntu1~18.04) 
configure:3380: $? = 0
configure:3369: gcc -V >&5
gcc: error: unrecognized command line option '-V'
gcc: fatal error: no input files
compilation terminated.
configure:3380: $? = 1
configure:3369: gcc -qversion >&5
gcc: error: unrecognized command line option '-qversion'; did you mean '--version'?
gcc: fatal error: no input files
compilation terminated.
configure:3380: $? = 1
configure:3400: checking whether the C compiler works
configure:3422: gcc    conftest.c  >&5
configure:3426: $? = 0
configure:3474: result: yes
configure:3477: checking for C compiler default output file name
configure:3479: result: a.out
configure:3485: checking for suffix of executables
configure:3492: gcc -o conftest    conftest.c  >&5
configure:3496: $? = 0
configure:3518: result: 
configure:3540: checking whether we are cross compiling
configure:3548: gcc -o conftest    conftest.c  >&5
configure:3552: $? = 0
configure:3559: ./conftest
configure:3563: $? = 0
configure:3578: result: no
configure:3583: checking for suffix of object files
configure:3605: gcc -c   conftest.c >&5
configure:3609: $? = 0
configure:3630: result: o
configure:3634: checking whether we are using the GNU C compiler
configure:3653: gcc -c   conftest.c >&5
configure:3653: $? = 0
configure:3662: result: yes
configure:3671: checking whether gcc accepts -g
configure:3691: gcc -c -g  conftest.c >&5
configure:3691: $? = 0
configure:3732: result: yes
configure:3749: checking for gcc option to accept ISO C89
configure:3812: gcc  -c -g -O2  conftest.c >&5
configure:3812: $? = 0
configure:3825: result: none needed
configure:3850: checking whether gcc understands -c and -o together
configure:3872: gcc -c conftest.c -o conftest2.o
configure:3875: $? = 0
configure:3872: gcc -c conftest.c -o conftest2.o
configure:3875: $? = 0
configure:3887: result: yes
configure:3906: checking dependency style of gcc
configure:4017: result: gcc3
configure:4038: checking how to run the C preprocessor
configure:4069: gcc -E  conftest.c
configure:4069: $? = 0
configure:4083: gcc -E  conftest.c
conftest.c:9:10: fatal error: ac_nonexistent.h: No such file or directory
 #include <ac_nonexistent.h>
          ^~~~~~~~~~~~~~~~~~
compilation terminated.
configure:4083: $? = 1
configure: failed program was:
| /* confdefs.h */
| #define PACKAGE_NAME "libbtc"
| #define PACKAGE_TARNAME "libbtc"
| #define PACKAGE_VERSION "0.1"
| #define PACKAGE_STRING "libbtc 0.1"
| #define PACKAGE_BUGREPORT "https://github.com/jonasschnelli/libbtc/issues"
| #define PACKAGE_URL ""
| /* end confdefs.h.  */
| #include <ac_nonexistent.h>
configure:4108: result: gcc -E
configure:4128: gcc -E  conftest.c
configure:4128: $? = 0
configure:4142: gcc -E  conftest.c
conftest.c:9:10: fatal error: ac_nonexistent.h: No such file or directory
 #include <ac_nonexistent.h>
          ^~~~~~~~~~~~~~~~~~
compilation terminated.
configure:4142: $? = 1
configure: failed program was:
| /* confdefs.h */
| #define PACKAGE_NAME "libbtc"
| #define PACKAGE_TARNAME "libbtc"
| #define PACKAGE_VERSION "0.1"
| #define PACKAGE_STRING "libbtc 0.1"
| #define PACKAGE_BUGREPORT "https://github.com/jonasschnelli/libbtc/issues"
| #define PACKAGE_URL ""
| /* end confdefs.h.  */
| #include <ac_nonexistent.h>
configure:4171: checking for grep that handles long lines and -e
configure:4229: result: /bin/grep
configure:4234: checking for egrep
configure:4296: result: /bin/grep -E
configure:4301: checking for ANSI C header files
configure:4321: gcc -c -g -O2  conftest.c >&5
configure:4321: $? = 0
configure:4394: gcc -o conftest -g -O2   conftest.c  >&5
configure:4394: $? = 0
configure:4394: ./conftest
configure:4394: $? = 0
configure:4405: result: yes
configure:4418: checking for sys/types.h
configure:4418: gcc -c -g -O2  conftest.c >&5
configure:4418: $? = 0
configure:4418: result: yes
configure:4418: checking for sys/stat.h
configure:4418: gcc -c -g -O2  conftest.c >&5
configure:4418: $? = 0
configure:4418: result: yes
configure:4418: checking for stdlib.h
configure:4418: gcc -c -g -O2  conftest.c >&5
configure:4418: $? = 0
configure:4418: result: yes
configure:4418: checking for string.h
configure:4418: gcc -c -g -O2  conftest.c >&5
configure:4418: $? = 0
configure:4418: result: yes
configure:4418: checking for memory.h
configure:4418: gcc -c -g -O2  conftest.c >&5
configure:4418: $? = 0
configure:4418: result: yes
configure:4418: checking for strings.h
configure:4418: gcc -c -g -O2  conftest.c >&5
configure:4418: $? = 0
configure:4418: result: yes
configure:4418: checking for inttypes.h
configure:4418: gcc -c -g -O2  conftest.c >&5
configure:4418: $? = 0
configure:4418: result: yes
configure:4418: checking for stdint.h
configure:4418: gcc -c -g -O2  conftest.c >&5
configure:4418: $? = 0
configure:4418: result: yes
configure:4418: checking for unistd.h
configure:4418: gcc -c -g -O2  conftest.c >&5
configure:4418: $? = 0
configure:4418: result: yes
configure:4430: checking for stdbool.h that conforms to C99
configure:4497: gcc -c -g -O2  conftest.c >&5
configure:4497: $? = 0
configure:4504: result: yes
configure:4506: checking for _Bool
configure:4506: gcc -c -g -O2  conftest.c >&5
configure:4506: $? = 0
configure:4506: gcc -c -g -O2  conftest.c >&5
conftest.c: In function 'main':
conftest.c:55:20: error: expected expression before ')' token
 if (sizeof ((_Bool)))
                    ^
configure:4506: $? = 1
configure: failed program was:
| /* confdefs.h */
| #define PACKAGE_NAME "libbtc"
| #define PACKAGE_TARNAME "libbtc"
| #define PACKAGE_VERSION "0.1"
| #define PACKAGE_STRING "libbtc 0.1"
| #define PACKAGE_BUGREPORT "https://github.com/jonasschnelli/libbtc/issues"
| #define PACKAGE_URL ""
| #define STDC_HEADERS 1
| #define HAVE_SYS_TYPES_H 1
| #define HAVE_SYS_STAT_H 1
| #define HAVE_STDLIB_H 1
| #define HAVE_STRING_H 1
| #define HAVE_MEMORY_H 1
| #define HAVE_STRINGS_H 1
| #define HAVE_INTTYPES_H 1
| #define HAVE_STDINT_H 1
| #define HAVE_UNISTD_H 1
| /* end confdefs.h.  */
| #include <stdio.h>
| #ifdef HAVE_SYS_TYPES_H
| # include <sys/types.h>
| #endif
| #ifdef HAVE_SYS_STAT_H
| # include <sys/stat.h>
| #endif
| #ifdef STDC_HEADERS
| # include <stdlib.h>
| # include <stddef.h>
| #else
| # ifdef HAVE_STDLIB_H
| #  include <stdlib.h>
| # endif
| #endif
| #ifdef HAVE_STRING_H
| # if !defined STDC_HEADERS && defined HAVE_MEMORY_H
| #  include <memory.h>
| # endif
| # include <string.h>
| #endif
| #ifdef HAVE_STRINGS_H
| # include <strings.h>
| #endif
| #ifdef HAVE_INTTYPES_H
| # include <inttypes.h>
| #endif
| #ifdef HAVE_STDINT_H
| # include <stdint.h>
| #endif
| #ifdef HAVE_UNISTD_H
| # include <unistd.h>
| #endif
| int
| main ()
| {
| if (sizeof ((_Bool)))
| 	    return 0;
|   ;
|   return 0;
| }
configure:4506: result: yes
configure:4569: checking how to print strings
configure:4596: result: printf
configure:4617: checking for a sed that does not truncate output
configure:4681: result: /bin/sed
configure:4699: checking for fgrep
configure:4761: result: /bin/grep -F
configure:4796: checking for ld used by gcc
configure:4863: result: /usr/bin/ld
configure:4870: checking if the linker (/usr/bin/ld) is GNU ld
configure:4885: result: yes
configure:4897: checking for BSD- or MS-compatible name lister (nm)
configure:4951: result: /usr/bin/nm -B
configure:5081: checking the name lister (/usr/bin/nm -B) interface
configure:5088: gcc -c -g -O2  conftest.c >&5
configure:5091: /usr/bin/nm -B "conftest.o"
configure:5094: output
0000000000000000 B some_variable
configure:5101: result: BSD nm
configure:5104: checking whether ln -s works
configure:5108: result: yes
configure:5116: checking the maximum length of command line arguments
configure:5247: result: 1572864
configure:5295: checking how to convert x86_64-pc-linux-gnu file names to x86_64-pc-linux-gnu format
configure:5335: result: func_convert_file_noop
configure:5342: checking how to convert x86_64-pc-linux-gnu file names to toolchain format
configure:5362: result: func_convert_file_noop
configure:5369: checking for /usr/bin/ld option to reload object files
configure:5376: result: -r
configure:5450: checking for objdump
configure:5466: found /usr/bin/objdump
configure:5477: result: objdump
configure:5509: checking how to recognize dependent libraries
configure:5709: result: pass_all
configure:5794: checking for dlltool
configure:5824: result: no
configure:5854: checking how to associate runtime and link libraries
configure:5881: result: printf %s\n
configure:5941: checking for ar
configure:5957: found /usr/bin/ar
configure:5968: result: ar
configure:6005: checking for archiver @FILE support
configure:6022: gcc -c -g -O2  conftest.c >&5
configure:6022: $? = 0
configure:6025: ar cru libconftest.a @conftest.lst >&5
ar: `u' modifier ignored since `D' is the default (see `U')
configure:6028: $? = 0
configure:6033: ar cru libconftest.a @conftest.lst >&5
ar: `u' modifier ignored since `D' is the default (see `U')
ar: conftest.o: No such file or directory
configure:6036: $? = 1
configure:6048: result: @
configure:6106: checking for strip
configure:6122: found /usr/bin/strip
configure:6133: result: strip
configure:6205: checking for ranlib
configure:6221: found /usr/bin/ranlib
configure:6232: result: ranlib
configure:6334: checking command to parse /usr/bin/nm -B output from gcc object
configure:6487: gcc -c -g -O2  conftest.c >&5
configure:6490: $? = 0
configure:6494: /usr/bin/nm -B conftest.o \| sed -n -e 's/^.*[ ]\([ABCDGIRSTW][ABCDGIRSTW]*\)[ ][ ]*\([_A-Za-z][_A-Za-z0-9]*\)$/\1 \2 \2/p' | sed '/ __gnu_lto/d' \> conftest.nm
configure:6497: $? = 0
configure:6563: gcc -o conftest -g -O2   conftest.c conftstm.o >&5
configure:6566: $? = 0
configure:6604: result: ok
configure:6651: checking for sysroot
configure:6681: result: no
configure:6688: checking for a working dd
configure:6726: result: /bin/dd
configure:6730: checking how to truncate binary pipes
configure:6745: result: /bin/dd bs=4096 count=1
configure:6881: gcc -c -g -O2  conftest.c >&5
configure:6884: $? = 0
configure:7074: checking for mt
configure:7090: found /bin/mt
configure:7101: result: mt
configure:7124: checking if mt is a manifest tool
configure:7130: mt '-?'
configure:7138: result: no
configure:7812: checking for dlfcn.h
configure:7812: gcc -c -g -O2  conftest.c >&5
configure:7812: $? = 0
configure:7812: result: yes
configure:8068: checking for objdir
configure:8083: result: .libs
configure:8347: checking if gcc supports -fno-rtti -fno-exceptions
configure:8365: gcc -c -g -O2  -fno-rtti -fno-exceptions conftest.c >&5
cc1: warning: command line option '-fno-rtti' is valid for C++/ObjC++ but not for C
configure:8369: $? = 0
configure:8382: result: no
configure:8740: checking for gcc option to produce PIC
configure:8747: result: -fPIC -DPIC
configure:8755: checking if gcc PIC flag -fPIC -DPIC works
configure:8773: gcc -c -g -O2  -fPIC -DPIC -DPIC conftest.c >&5
configure:8777: $? = 0
configure:8790: result: yes
configure:8819: checking if gcc static flag -static works
configure:8847: result: yes
configure:8862: checking if gcc supports -c -o file.o
configure:8883: gcc -c -g -O2  -o out/conftest2.o conftest.c >&5
configure:8887: $? = 0
configure:8909: result: yes
configure:8917: checking if gcc supports -c -o file.o
configure:8964: result: yes
configure:8997: checking whether the gcc linker (/usr/bin/ld -m elf_x86_64) supports shared libraries
configure:10260: result: yes
configure:10297: checking whether -lc should be explicitly linked in
configure:10305: gcc -c -g -O2  conftest.c >&5
configure:10308: $? = 0
configure:10323: gcc -shared  -fPIC -DPIC conftest.o  -v -Wl,-soname -Wl,conftest -o conftest 2\>\&1 \| /bin/grep  -lc  \>/dev/null 2\>\&1
configure:10326: $? = 0
configure:10340: result: no
configure:10500: checking dynamic linker characteristics
configure:11081: gcc -o conftest -g -O2   -Wl,-rpath -Wl,/foo conftest.c  >&5
configure:11081: $? = 0
configure:11330: result: GNU/Linux ld.so
configure:11452: checking how to hardcode library paths into programs
configure:11477: result: immediate
configure:12025: checking whether stripping libraries is possible
configure:12030: result: yes
configure:12065: checking if libtool supports shared libraries
configure:12067: result: yes
configure:12070: checking whether to build shared libraries
configure:12095: result: yes
configure:12098: checking whether to build static libraries
configure:12102: result: yes
configure:12194: checking for pkg-config
configure:12212: found /usr/bin/pkg-config
configure:12224: result: /usr/bin/pkg-config
configure:12249: checking pkg-config is at least version 0.9.0
configure:12252: result: yes
configure:12306: checking for ar
configure:12324: found /usr/bin/ar
configure:12336: result: /usr/bin/ar
configure:12404: checking for ranlib
configure:12422: found /usr/bin/ranlib
configure:12434: result: /usr/bin/ranlib
configure:12502: checking for strip
configure:12520: found /usr/bin/strip
configure:12532: result: /usr/bin/strip
configure:12555: checking for gcc option to accept ISO C99
configure:12704: gcc  -c -g -O2  conftest.c >&5
configure:12704: $? = 0
configure:12717: result: none needed
configure:12738: checking if gcc supports -std=gnu99 -pedantic -Wno-unused-function -Wno-long-long -Wno-overlength-strings
configure:12744: gcc -c -g -O2 -W -std=gnu99 -pedantic -Wno-unused-function -Wno-long-long -Wno-overlength-strings  conftest.c >&5
configure:12744: $? = 0
configure:12745: result: yes
configure:12842: checking for __builtin_expect
configure:12848: gcc -c -g -O2 -W -std=gnu99 -pedantic -Wno-unused-function -Wno-long-long -Wno-overlength-strings  conftest.c >&5
configure:12848: $? = 0
configure:12849: result: yes
configure:13186: checking that generated files are newer than configure
configure:13192: result: done
configure:13231: creating ./config.status

## ---------------------- ##
## Running config.status. ##
## ---------------------- ##

This file was extended by libbtc config.status 0.1, which was
generated by GNU Autoconf 2.69.  Invocation command line was

  CONFIG_FILES    = 
  CONFIG_HEADERS  = 
  CONFIG_LINKS    = 
  CONFIG_COMMANDS = 
  $ ./config.status 

on ale-Inspiron-5577

config.status:1106: creating Makefile
config.status:1106: creating libbtc.pc
config.status:1106: creating src/libbtc-config.h
config.status:1335: executing depfiles commands
config.status:1335: executing libtool commands
configure:15440: === configuring in src/secp256k1 (/home/ale/Escritorio/libbtc/src/secp256k1)
configure:15503: running /bin/bash ./configure --disable-option-checking '--prefix=/usr/local'  '--disable-net' '--enable-module-recovery' --cache-file=/dev/null --srcdir=.

## ---------------- ##
## Cache variables. ##
## ---------------- ##

ac_cv_build=x86_64-pc-linux-gnu
ac_cv_c_compiler_gnu=yes
ac_cv_env_CC_set=
ac_cv_env_CC_value=
ac_cv_env_CFLAGS_set=
ac_cv_env_CFLAGS_value=
ac_cv_env_CPPFLAGS_set=
ac_cv_env_CPPFLAGS_value=
ac_cv_env_CPP_set=
ac_cv_env_CPP_value=
ac_cv_env_LDFLAGS_set=
ac_cv_env_LDFLAGS_value=
ac_cv_env_LIBS_set=
ac_cv_env_LIBS_value=
ac_cv_env_LT_SYS_LIBRARY_PATH_set=
ac_cv_env_LT_SYS_LIBRARY_PATH_value=
ac_cv_env_PKG_CONFIG_LIBDIR_set=
ac_cv_env_PKG_CONFIG_LIBDIR_value=
ac_cv_env_PKG_CONFIG_PATH_set=
ac_cv_env_PKG_CONFIG_PATH_value=
ac_cv_env_PKG_CONFIG_set=
ac_cv_env_PKG_CONFIG_value=
ac_cv_env_build_alias_set=
ac_cv_env_build_alias_value=
ac_cv_env_host_alias_set=
ac_cv_env_host_alias_value=
ac_cv_env_target_alias_set=
ac_cv_env_target_alias_value=
ac_cv_header_dlfcn_h=yes
ac_cv_header_inttypes_h=yes
ac_cv_header_memory_h=yes
ac_cv_header_stdbool_h=yes
ac_cv_header_stdc=yes
ac_cv_header_stdint_h=yes
ac_cv_header_stdlib_h=yes
ac_cv_header_string_h=yes
ac_cv_header_strings_h=yes
ac_cv_header_sys_stat_h=yes
ac_cv_header_sys_types_h=yes
ac_cv_header_unistd_h=yes
ac_cv_host=x86_64-pc-linux-gnu
ac_cv_objext=o
ac_cv_path_EGREP='/bin/grep -E'
ac_cv_path_FGREP='/bin/grep -F'
ac_cv_path_GREP=/bin/grep
ac_cv_path_SED=/bin/sed
ac_cv_path_ac_pt_AR=/usr/bin/ar
ac_cv_path_ac_pt_PKG_CONFIG=/usr/bin/pkg-config
ac_cv_path_ac_pt_RANLIB=/usr/bin/ranlib
ac_cv_path_ac_pt_STRIP=/usr/bin/strip
ac_cv_path_install='/usr/bin/install -c'
ac_cv_path_lt_DD=/bin/dd
ac_cv_path_mkdir=/bin/mkdir
ac_cv_prog_AWK=mawk
ac_cv_prog_CPP='gcc -E'
ac_cv_prog_ac_ct_AR=ar
ac_cv_prog_ac_ct_CC=gcc
ac_cv_prog_ac_ct_MANIFEST_TOOL=mt
ac_cv_prog_ac_ct_OBJDUMP=objdump
ac_cv_prog_ac_ct_RANLIB=ranlib
ac_cv_prog_ac_ct_STRIP=strip
ac_cv_prog_cc_c89=
ac_cv_prog_cc_c99=
ac_cv_prog_cc_g=yes
ac_cv_prog_make_make_set=yes
ac_cv_type__Bool=yes
am_cv_CC_dependencies_compiler_type=gcc3
am_cv_make_support_nested_variables=yes
am_cv_prog_cc_c_o=yes
lt_cv_ar_at_file=@
lt_cv_archive_cmds_need_lc=no
lt_cv_deplibs_check_method=pass_all
lt_cv_file_magic_cmd='$MAGIC_CMD'
lt_cv_file_magic_test_file=
lt_cv_ld_reload_flag=-r
lt_cv_nm_interface='BSD nm'
lt_cv_objdir=.libs
lt_cv_path_LD=/usr/bin/ld
lt_cv_path_NM='/usr/bin/nm -B'
lt_cv_path_mainfest_tool=no
lt_cv_prog_compiler_c_o=yes
lt_cv_prog_compiler_pic='-fPIC -DPIC'
lt_cv_prog_compiler_pic_works=yes
lt_cv_prog_compiler_rtti_exceptions=no
lt_cv_prog_compiler_static_works=yes
lt_cv_prog_gnu_ld=yes
lt_cv_sharedlib_from_linklib_cmd='printf %s\n'
lt_cv_shlibpath_overrides_runpath=yes
lt_cv_sys_global_symbol_pipe='sed -n -e '\''s/^.*[	 ]\([ABCDGIRSTW][ABCDGIRSTW]*\)[	 ][	 ]*\([_A-Za-z][_A-Za-z0-9]*\)$/\1 \2 \2/p'\'' | sed '\''/ __gnu_lto/d'\'''
lt_cv_sys_global_symbol_to_c_name_address='sed -n -e '\''s/^: \(.*\) .*$/  {"\1", (void *) 0},/p'\'' -e '\''s/^[ABCDGIRSTW][ABCDGIRSTW]* .* \(.*\)$/  {"\1", (void *) \&\1},/p'\'''
lt_cv_sys_global_symbol_to_c_name_address_lib_prefix='sed -n -e '\''s/^: \(.*\) .*$/  {"\1", (void *) 0},/p'\'' -e '\''s/^[ABCDGIRSTW][ABCDGIRSTW]* .* \(lib.*\)$/  {"\1", (void *) \&\1},/p'\'' -e '\''s/^[ABCDGIRSTW][ABCDGIRSTW]* .* \(.*\)$/  {"lib\1", (void *) \&\1},/p'\'''
lt_cv_sys_global_symbol_to_cdecl='sed -n -e '\''s/^T .* \(.*\)$/extern int \1();/p'\'' -e '\''s/^[ABCDGIRSTW][ABCDGIRSTW]* .* \(.*\)$/extern char \1;/p'\'''
lt_cv_sys_global_symbol_to_import=
lt_cv_sys_max_cmd_len=1572864
lt_cv_to_host_file_cmd=func_convert_file_noop
lt_cv_to_tool_file_cmd=func_convert_file_noop
lt_cv_truncate_bin='/bin/dd bs=4096 count=1'

## ----------------- ##
## Output variables. ##
## ----------------- ##

ACLOCAL='${SHELL} /home/ale/Escritorio/libbtc/build-aux/missing aclocal-1.15'
AMDEPBACKSLASH='\'
AMDEP_FALSE='#'
AMDEP_TRUE=''
AMTAR='$${TAR-tar}'
AM_BACKSLASH='\'
AM_DEFAULT_V='$(AM_DEFAULT_VERBOSITY)'
AM_DEFAULT_VERBOSITY='0'
AM_V='$(V)'
AR='/usr/bin/ar'
AUTOCONF='${SHELL} /home/ale/Escritorio/libbtc/build-aux/missing autoconf'
AUTOHEADER='${SHELL} /home/ale/Escritorio/libbtc/build-aux/missing autoheader'
AUTOMAKE='${SHELL} /home/ale/Escritorio/libbtc/build-aux/missing automake-1.15'
AWK='mawk'
BUILD_EXEEXT=''
CC='gcc'
CCDEPMODE='depmode=gcc3'
CFLAGS='-g -O2 -W -std=gnu99 -pedantic -Wno-unused-function -Wno-long-long -Wno-overlength-strings'
CPP='gcc -E'
CPPFLAGS=''
CYGPATH_W='echo'
DEFS='-DHAVE_CONFIG_H'
DEPDIR='.deps'
DLLTOOL='false'
DSYMUTIL=''
DUMPBIN=''
ECHO_C=''
ECHO_N='-n'
ECHO_T=''
EGREP='/bin/grep -E'
EVENT_LIBS=''
EVENT_PTHREADS_LIBS=''
EXEEXT=''
FGREP='/bin/grep -F'
GREP='/bin/grep'
INSTALL_DATA='${INSTALL} -m 644'
INSTALL_PROGRAM='${INSTALL}'
INSTALL_SCRIPT='${INSTALL}'
INSTALL_STRIP_PROGRAM='$(install_sh) -c -s'
LD='/usr/bin/ld -m elf_x86_64'
LDFLAGS=''
LIBOBJS=''
LIBS=''
LIBTOOL='$(SHELL) $(top_builddir)/libtool'
LIBTOOL_APP_LDFLAGS=''
LIPO=''
LN_S='ln -s'
LTLIBOBJS=''
LT_SYS_LIBRARY_PATH=''
MAKEINFO='${SHELL} /home/ale/Escritorio/libbtc/build-aux/missing makeinfo'
MANIFEST_TOOL=':'
MKDIR_P='/bin/mkdir -p'
NM='/usr/bin/nm -B'
NMEDIT=''
OBJDUMP='objdump'
OBJEXT='o'
OTOOL64=''
OTOOL=''
PACKAGE='libbtc'
PACKAGE_BUGREPORT='https://github.com/jonasschnelli/libbtc/issues'
PACKAGE_NAME='libbtc'
PACKAGE_STRING='libbtc 0.1'
PACKAGE_TARNAME='libbtc'
PACKAGE_URL=''
PACKAGE_VERSION='0.1'
PATH_SEPARATOR=':'
PKG_CONFIG='/usr/bin/pkg-config'
PKG_CONFIG_LIBDIR=''
PKG_CONFIG_PATH=''
RANLIB='/usr/bin/ranlib'
SED='/bin/sed'
SET_MAKE=''
SHELL='/bin/bash'
STRIP='/usr/bin/strip'
USE_TESTS_FALSE='#'
USE_TESTS_TRUE=''
VERSION='0.1'
WITH_NET_FALSE=''
WITH_NET_TRUE='#'
WITH_TOOLS_FALSE='#'
WITH_TOOLS_TRUE=''
WITH_WALLET_FALSE='#'
WITH_WALLET_TRUE=''
ac_ct_AR='ar'
ac_ct_CC='gcc'
ac_ct_DUMPBIN=''
am__EXEEXT_FALSE=''
am__EXEEXT_TRUE='#'
am__fastdepCC_FALSE='#'
am__fastdepCC_TRUE=''
am__include='include'
am__isrc=''
am__leading_dot='.'
am__nodep='_no'
am__quote=''
am__tar='$${TAR-tar} chof - "$$tardir"'
am__untar='$${TAR-tar} xf -'
bindir='${exec_prefix}/bin'
build='x86_64-pc-linux-gnu'
build_alias=''
build_cpu='x86_64'
build_os='linux-gnu'
build_vendor='pc'
datadir='${datarootdir}'
datarootdir='${prefix}/share'
docdir='${datarootdir}/doc/${PACKAGE_TARNAME}'
dvidir='${docdir}'
exec_prefix='${prefix}'
host='x86_64-pc-linux-gnu'
host_alias=''
host_cpu='x86_64'
host_os='linux-gnu'
host_vendor='pc'
htmldir='${docdir}'
includedir='${prefix}/include'
infodir='${datarootdir}/info'
install_sh='${SHELL} /home/ale/Escritorio/libbtc/build-aux/install-sh'
libdir='${exec_prefix}/lib'
libexecdir='${exec_prefix}/libexec'
localedir='${datarootdir}/locale'
localstatedir='${prefix}/var'
mandir='${datarootdir}/man'
mkdir_p='$(MKDIR_P)'
oldincludedir='/usr/include'
pdfdir='${docdir}'
prefix='/usr/local'
program_transform_name='s,x,x,'
psdir='${docdir}'
runstatedir='${localstatedir}/run'
sbindir='${exec_prefix}/sbin'
sharedstatedir='${prefix}/com'
subdirs=' src/secp256k1'
sysconfdir='${prefix}/etc'
target_alias=''

## ----------- ##
## confdefs.h. ##
## ----------- ##

/* confdefs.h */
#define PACKAGE_NAME "libbtc"
#define PACKAGE_TARNAME "libbtc"
#define PACKAGE_VERSION "0.1"
#define PACKAGE_STRING "libbtc 0.1"
#define PACKAGE_BUGREPORT "https://github.com/jonasschnelli/libbtc/issues"
#define PACKAGE_URL ""
#define STDC_HEADERS 1
#define HAVE_SYS_TYPES_H 1
#define HAVE_SYS_STAT_H 1
#define HAVE_STDLIB_H 1
#define HAVE_STRING_H 1
#define HAVE_MEMORY_H 1
#define HAVE_STRINGS_H 1
#define HAVE_INTTYPES_H 1
#define HAVE_STDINT_H 1
#define HAVE_UNISTD_H 1
#define HAVE__BOOL 1
#define HAVE_STDBOOL_H 1
#define HAVE_DLFCN_H 1
#define LT_OBJDIR ".libs/"
#define WITH_WALLET 1
#define WITH_TOOLS 1
#define HAVE_BUILTIN_EXPECT 1
#define FILE_RANDOM 1
#define RANDOM_DEVICE "/dev/urandom"

configure: exit 0
